2025-06-21 08:41:00 | INFO | repo=ImageMagick | action=commit
2025-01-19 20:32:00 | INFO | repo=ImageMagick | action=commit
2025-12-14 20:43:00 | INFO | repo=ImageMagick | action=commit
2025-11-01 07:29:00 | WARN | repo=ImageMagick | action=commit
2025-09-10 07:25:00 | DEBUG | repo=ImageMagick | action=edit | files=3
2025-10-26 17:08:00 | DEBUG | repo=ImageMagick | action=commit
2025-01-18 18:37:00 | DEBUG | repo=ImageMagick | action=commit
2025-11-06 13:18:00 | DEBUG | repo=ImageMagick | action=commit
2025-11-02 12:21:00 | DEBUG | repo=ImageMagick | action=commit
2025-02-12 09:55:00 | WARN | repo=ImageMagick | action=edit | files=2
2025-05-12 19:41:00 | DEBUG | repo=ImageMagick | action=commit
2025-02-28 13:43:00 | DEBUG | repo=ImageMagick | action=commit
2025-10-03 20:55:00 | WARN | repo=ImageMagick | action=commit
2025-09-14 12:20:00 | INFO | repo=ImageMagick | action=commit
2025-12-05 09:17:00 | WARN | repo=ImageMagick | action=commit
2025-10-03 07:03:00 | DEBUG | repo=ImageMagick | action=pull
2025-02-01 15:04:00 | DEBUG | repo=ImageMagick | action=pull
2025-10-10 16:15:00 | INFO | repo=ImageMagick | action=edit | files=5
2025-01-28 19:06:00 | DEBUG | repo=ImageMagick | action=commit
2025-09-07 11:29:00 | DEBUG | repo=ImageMagick | action=commit
2025-01-28 08:25:00 | DEBUG | repo=ImageMagick | action=commit
2025-01-28 19:53:00 | INFO | repo=ImageMagick | action=commit
2025-03-10 17:44:00 | WARN | repo=ImageMagick | action=commit
2025-07-13 19:53:00 | INFO | repo=ImageMagick | action=commit
2025-08-12 17:23:00 | DEBUG | repo=ImageMagick | action=edit | files=4
2025-11-22 18:23:00 | DEBUG | repo=ImageMagick | action=commit
2025-03-27 15:22:00 | INFO | repo=ImageMagick | action=commit
2025-11-15 12:39:00 | DEBUG | repo=ImageMagick | action=commit
2025-03-23 14:41:00 | WARN | repo=ImageMagick | action=commit
2025-12-24 08:16:00 | INFO | repo=ImageMagick | action=commit
2025-08-09 13:30:00 | INFO | repo=ImageMagick | action=commit
